<?xml version="1.0" encoding="UTF-8"?>
<!-- Generated by org.testng.reporters.JUnitReportReporter -->
<testsuite skipped="0" hostname="Vignesh-PC" name="gittest.GitTest" tests="1" failures="0" timestamp="15 Feb 2018 04:22:47 GMT" time="8.030" errors="0">
  <testcase name="loginTest" time="8.030" classname="gittest.GitTest"/>
</testsuite> <!-- gittest.GitTest -->
